info => Cleaning outputDir: /tmp/chromatic--73116-lWwCouVzNoaP

                                                                        
                                                                        
                                                                        
                                                                                 
                                                                           
                                                                           
                                                                           
                                                                                 
                                              
                                              
                                              

1.1.19

TypeScript version used by Compodoc : 4.5.5

TypeScript version of current project : 4.9.4

Node.js version : v18.16.0

Operating system : Linux 5.19

[16:11:17] No configuration file found, switching to CLI flags.
[16:11:17] Using tsconfig file : /home/junior/projects/taskbox/.storybook/tsconfig.json
[16:11:17] Excluding      : /home/junior/projects/taskbox/jest-global-mocks.ts
[16:11:17] Excluding      : /home/junior/projects/taskbox/setup-jest.ts
[16:11:17] Excluding      : /home/junior/projects/taskbox/.storybook/main.ts
[16:11:17] Including      : /home/junior/projects/taskbox/.storybook/preview.ts
[16:11:17] Ignoring       : /home/junior/projects/taskbox/.storybook/typings.d.ts
[16:11:17] Including      : /home/junior/projects/taskbox/src/main.ts
[16:11:17] Including      : /home/junior/projects/taskbox/src/polyfills.ts
[16:11:17] Ignoring       : /home/junior/projects/taskbox/src/app/app.component.spec.ts
[16:11:17] Including      : /home/junior/projects/taskbox/src/app/app.component.ts
[16:11:17] Including      : /home/junior/projects/taskbox/src/app/app.module.ts
[16:11:17] Including      : /home/junior/projects/taskbox/src/environments/environment.prod.ts
[16:11:17] Including      : /home/junior/projects/taskbox/src/environments/environment.ts
[16:11:17] Including      : /home/junior/projects/taskbox/src/stories/Button.stories.ts
[16:11:17] Including      : /home/junior/projects/taskbox/src/stories/Header.stories.ts
[16:11:17] Including      : /home/junior/projects/taskbox/src/stories/Page.stories.ts
[16:11:17] Including      : /home/junior/projects/taskbox/src/stories/User.ts
[16:11:17] Including      : /home/junior/projects/taskbox/src/stories/button.component.ts
[16:11:17] Including      : /home/junior/projects/taskbox/src/stories/header.component.ts
[16:11:17] Including      : /home/junior/projects/taskbox/src/stories/page.component.ts
[16:11:17] Including      : /home/junior/projects/taskbox/src/app/components/task.module.ts
[16:11:17] Including      : /home/junior/projects/taskbox/src/app/models/task.model.ts
[16:11:17] Including      : /home/junior/projects/taskbox/src/app/state/task.state.ts
[16:11:17] Ignoring       : /home/junior/projects/taskbox/src/app/components/inbox-screen/inbox-screen.component.spec.ts
[16:11:17] Including      : /home/junior/projects/taskbox/src/app/components/inbox-screen/inbox-screen.component.ts
[16:11:17] Ignoring       : /home/junior/projects/taskbox/src/app/components/pure-inbox-screen/pure-inbox-screen.component.spec.ts
[16:11:17] Including      : /home/junior/projects/taskbox/src/app/components/pure-inbox-screen/pure-inbox-screen.component.ts
[16:11:17] Including      : /home/junior/projects/taskbox/src/app/components/pure-inbox-screen/pure-inbox-screen.stories.ts
[16:11:17] Ignoring       : /home/junior/projects/taskbox/src/app/components/pure-task-list/pure-task-list.component.spec.ts
[16:11:17] Including      : /home/junior/projects/taskbox/src/app/components/pure-task-list/pure-task-list.component.ts
[16:11:17] Including      : /home/junior/projects/taskbox/src/app/components/pure-task-list/pure-task-list.stories.ts
[16:11:17] Including      : /home/junior/projects/taskbox/src/app/components/task/Task.stories.ts
[16:11:17] Ignoring       : /home/junior/projects/taskbox/src/app/components/task/task.component.spec.ts
[16:11:17] Including      : /home/junior/projects/taskbox/src/app/components/task/task.component.ts
[16:11:17] Ignoring       : /home/junior/projects/taskbox/src/app/components/task-list/task-list.component.spec.ts
[16:11:17] Including      : /home/junior/projects/taskbox/src/app/components/task-list/task-list.component.ts
[16:11:17] Searching package.json file
[16:11:17] package.json file found
[16:11:17] Processing package.json dependencies
[16:11:17] Searching README.md, CHANGELOG.md, CONTRIBUTING.md, LICENSE.md, TODO.md files
[16:11:17] README.md file found
[16:11:17] Error during /home/junior/projects/taskbox/CHANGELOG read
[16:11:17] Continuing without CHANGELOG.md file
[16:11:17] Error during /home/junior/projects/taskbox/CONTRIBUTING read
[16:11:17] Continuing without CONTRIBUTING.md file
[16:11:17] LICENSE.md file found
[16:11:17] Error during /home/junior/projects/taskbox/TODO read
[16:11:17] Continuing without TODO.md file
[16:11:17] Get dependencies data
[16:11:17] parsing        : /home/junior/projects/taskbox/.storybook/preview.ts
[16:11:17] found          : preview
[16:11:17] parsing        : /home/junior/projects/taskbox/src/main.ts
[16:11:17] parsing        : /home/junior/projects/taskbox/src/polyfills.ts
[16:11:17] parsing        : /home/junior/projects/taskbox/src/app/app.component.ts
[16:11:17] found          : AppComponent
[16:11:17] parsing        : /home/junior/projects/taskbox/src/app/app.module.ts
[16:11:17] found          : AppModule
[16:11:17]                : - imports:
[16:11:17]                : 	- BrowserModule
[16:11:17]                : 	- TaskModule
[16:11:17]                : 	- NgxsModule
[16:11:17]                : 	- NgxsReduxDevtoolsPluginModule
[16:11:17]                : 	- NgxsLoggerPluginModule
[16:11:17]                : - declarations:
[16:11:17]                : 	- AppComponent
[16:11:17]                : 	- InboxScreenComponent
[16:11:17]                : 	- PureInboxScreenComponent
[16:11:17]                : - bootstrap:
[16:11:17]                : 	- AppComponent
[16:11:17] parsing        : /home/junior/projects/taskbox/src/environments/environment.prod.ts
[16:11:17] found          : environment
[16:11:17] parsing        : /home/junior/projects/taskbox/src/environments/environment.ts
[16:11:17] found          : environment
[16:11:17] parsing        : /home/junior/projects/taskbox/src/stories/Button.stories.ts
[16:11:17] found          : meta
[16:11:17] found          : Story
[16:11:17] found          : Primary
[16:11:17] found          : Secondary
[16:11:17] found          : Large
[16:11:17] found          : Small
[16:11:17] parsing        : /home/junior/projects/taskbox/src/stories/Header.stories.ts
[16:11:17] found          : meta
[16:11:17] found          : Story
[16:11:17] found          : LoggedIn
[16:11:17] found          : LoggedOut
[16:11:17] parsing        : /home/junior/projects/taskbox/src/stories/Page.stories.ts
[16:11:17] found          : meta
[16:11:17] found          : Story
[16:11:17] found          : LoggedOut
[16:11:17] found          : LoggedIn
[16:11:17] parsing        : /home/junior/projects/taskbox/src/stories/User.ts
[16:11:17] found          : User
[16:11:17] parsing        : /home/junior/projects/taskbox/src/stories/button.component.ts
[16:11:17] found          : ButtonComponent
[16:11:17] parsing        : /home/junior/projects/taskbox/src/stories/header.component.ts
[16:11:17] found          : HeaderComponent
[16:11:17] parsing        : /home/junior/projects/taskbox/src/stories/page.component.ts
[16:11:17] found          : PageComponent
[16:11:17] parsing        : /home/junior/projects/taskbox/src/app/components/task.module.ts
[16:11:17] found          : TaskModule
[16:11:17]                : - imports:
[16:11:17]                : 	- CommonModule
[16:11:17]                : 	- NgxsModule
[16:11:17]                : - exports:
[16:11:17]                : 	- TaskComponent
[16:11:17]                : 	- TaskListComponent
[16:11:17]                : - declarations:
[16:11:17]                : 	- TaskComponent
[16:11:17]                : 	- TaskListComponent
[16:11:17]                : 	- PureTaskListComponent
[16:11:17] parsing        : /home/junior/projects/taskbox/src/app/models/task.model.ts
[16:11:17] found          : Task
[16:11:17] parsing        : /home/junior/projects/taskbox/src/app/state/task.state.ts
[16:11:17] found          : actions
[16:11:17] found          : ArchiveTask
[16:11:17] found          : PinTask
[16:11:17] found          : AppError
[16:11:17] found          : defaultTasks
[16:11:17] found          : TaskStateModel
[16:11:17] found          : TasksState
[16:11:17] parsing        : /home/junior/projects/taskbox/src/app/components/inbox-screen/inbox-screen.component.ts
[16:11:17] found          : InboxScreenComponent
[16:11:17] parsing        : /home/junior/projects/taskbox/src/app/components/pure-inbox-screen/pure-inbox-screen.component.ts
[16:11:17] found          : PureInboxScreenComponent
[16:11:17] parsing        : /home/junior/projects/taskbox/src/app/components/pure-inbox-screen/pure-inbox-screen.stories.ts
[16:11:17] found          : meta
[16:11:17] found          : Story
[16:11:17] found          : Default
[16:11:17] found          : Error
[16:11:17] found          : WithInteractions
[16:11:17] parsing        : /home/junior/projects/taskbox/src/app/components/pure-task-list/pure-task-list.component.ts
[16:11:17] found          : PureTaskListComponent
[16:11:17] parsing        : /home/junior/projects/taskbox/src/app/components/pure-task-list/pure-task-list.stories.ts
[16:11:17] found          : meta
[16:11:17] found          : Story
[16:11:17] found          : Default
[16:11:17] found          : WithPinnedTasks
[16:11:17] found          : Loading
[16:11:17] found          : Empty
[16:11:17] parsing        : /home/junior/projects/taskbox/src/app/components/task/Task.stories.ts
[16:11:17] found          : actionsData
[16:11:17] found          : meta
[16:11:17] found          : Story
[16:11:17] found          : Default
[16:11:17] found          : Pinned
[16:11:17] found          : Archived
[16:11:17] parsing        : /home/junior/projects/taskbox/src/app/components/task/task.component.ts
[16:11:17] found          : TaskComponent
[16:11:17] parsing        : /home/junior/projects/taskbox/src/app/components/task-list/task-list.component.ts
[16:11:17] found          : TaskListComponent
[16:11:17] -------------------
[16:11:17] Project statistics 
[16:11:17] - files      : 26
[16:11:17] - module     : 2
[16:11:17] - component  : 9
[16:11:17] - injectable : 1
[16:11:17] - class      : 3
[16:11:17] - interface  : 3
[16:11:17] -------------------
[16:11:17] Prepare components
[16:11:17]  AppComponent has a templateUrl, include it
[16:11:17]  AppComponent has styleUrls, include them
[16:11:17]  ButtonComponent has styleUrls, include them
[16:11:17]  HeaderComponent has styleUrls, include them
[16:11:17]  PageComponent has styleUrls, include them
[16:11:17]  TaskComponent has styleUrls, include them
[16:11:17] Prepare modules
[16:11:17] Prepare injectables
[16:11:17] Prepare classes
[16:11:17] Prepare interfaces
[16:11:17] Prepare miscellaneous
[16:11:17] Process documentation coverage report
[16:11:17] Generating documentation in export format json
[16:11:17] Documentation generated in ./ in 0.605 seconds

info => Loading presets
info => Building manager..
info => Manager built (391 ms)
info => Compiling preview..
info => Copying static files: /home/junior/projects/taskbox/node_modules/@storybook/manager/static at /tmp/chromatic--73116-lWwCouVzNoaP/sb-common-assets
info Addon-docs: using MDX2
info => Using implicit CSS loaders
info => Using angular browser target options from "taskbox:build"
info => Using angular project with "tsConfig:/home/junior/projects/taskbox/.storybook/tsconfig.json"
info => Using default Webpack5 setup
<s> [webpack.Progress] 0% 

<s> [webpack.Progress] 1% setup before run
<s> [webpack.Progress] 1% setup before run NodeEnvironmentPlugin
<s> [webpack.Progress] 1% setup before run
<s> [webpack.Progress] 2% setup run
<s> [webpack.Progress] 2% setup run
<s> [webpack.Progress] 4% setup normal module factory
<s> [webpack.Progress] 4% setup normal module factory CaseSensitivePathsPlugin
<s> [webpack.Progress] 4% setup normal module factory
<s> [webpack.Progress] 5% setup context module factory
<s> [webpack.Progress] 5% setup context module factory
<s> [webpack.Progress] 6% setup before compile
<s> [webpack.Progress] 6% setup before compile angular-compiler
<s> [webpack.Progress] 6% setup before compile ProgressPlugin
<s> [webpack.Progress] 6% setup before compile
<s> [webpack.Progress] 7% setup compile
<s> [webpack.Progress] 7% setup compile ExternalsPlugin
<s> [webpack.Progress] 7% setup compile ExternalsPlugin
<s> [webpack.Progress] 7% setup compile
<s> [webpack.Progress] 8% setup compilation
<s> [webpack.Progress] 8% setup compilation angular-occurrences-plugin
<s> [webpack.Progress] 8% setup compilation angular-compiler
<s> [webpack.Progress] 8% setup compilation styles-webpack-plugin
<s> [webpack.Progress] 8% setup compilation mini-css-extract-plugin
<s> [webpack.Progress] 8% setup compilation unplugin-csf
<s> [webpack.Progress] 8% setup compilation storybook-normalize-angular-entry-plugin
<s> [webpack.Progress] 8% setup compilation ArrayPushCallbackChunkFormatPlugin
<s> [webpack.Progress] 8% setup compilation JsonpChunkLoadingPlugin
<s> [webpack.Progress] 8% setup compilation StartupChunkDependenciesPlugin
<s> [webpack.Progress] 8% setup compilation ImportScriptsChunkLoadingPlugin
<s> [webpack.Progress] 8% setup compilation FetchCompileWasmPlugin
<s> [webpack.Progress] 8% setup compilation FetchCompileAsyncWasmPlugin
<s> [webpack.Progress] 8% setup compilation WorkerPlugin
<s> [webpack.Progress] 8% setup compilation SplitChunksPlugin
<s> [webpack.Progress] 8% setup compilation RuntimeChunkPlugin
<s> [webpack.Progress] 8% setup compilation ResolverCachePlugin
<s> [webpack.Progress] 8% setup compilation HtmlWebpackPlugin
<s> [webpack.Progress] 8% setup compilation
<s> [webpack.Progress] 9% setup compilation
<s> [webpack.Progress] 9% setup compilation named-chunks-plugin
<s> [webpack.Progress] 9% setup compilation DedupeModuleResolvePlugin
<s> [webpack.Progress] 9% setup compilation AnyComponentStyleBudgetChecker
<s> [webpack.Progress] 9% setup compilation mini-css-extract-plugin
<s> [webpack.Progress] 9% setup compilation SuppressExtractedTextChunks
<s> [webpack.Progress] 9% setup compilation DefinePlugin
<s> [webpack.Progress] 9% setup compilation ProvidePlugin
<s> [webpack.Progress] 9% setup compilation ProgressPlugin
<s> [webpack.Progress] 9% setup compilation ChunkPrefetchPreloadPlugin
<s> [webpack.Progress] 9% setup compilation SourceMapDevToolPlugin
<s> [webpack.Progress] 9% setup compilation JavascriptModulesPlugin
<s> [webpack.Progress] 9% setup compilation JsonModulesPlugin
<s> [webpack.Progress] 9% setup compilation AssetModulesPlugin
<s> [webpack.Progress] 9% setup compilation DynamicEntryPlugin
<s> [webpack.Progress] 9% setup compilation RuntimePlugin
<s> [webpack.Progress] 9% setup compilation InferAsyncModulesPlugin
<s> [webpack.Progress] 9% setup compilation DataUriPlugin
<s> [webpack.Progress] 9% setup compilation FileUriPlugin
<s> [webpack.Progress] 9% setup compilation CompatibilityPlugin
<s> [webpack.Progress] 9% setup compilation HarmonyModulesPlugin
<s> [webpack.Progress] 9% setup compilation AMDPlugin
<s> [webpack.Progress] 9% setup compilation RequireJsStuffPlugin
<s> [webpack.Progress] 9% setup compilation CommonJsPlugin
<s> [webpack.Progress] 9% setup compilation LoaderPlugin
<s> [webpack.Progress] 9% setup compilation LoaderPlugin
<s> [webpack.Progress] 9% setup compilation NodeStuffPlugin
<s> [webpack.Progress] 9% setup compilation APIPlugin
<s> [webpack.Progress] 9% setup compilation ExportsInfoApiPlugin
<s> [webpack.Progress] 9% setup compilation WebpackIsIncludedPlugin
<s> [webpack.Progress] 9% setup compilation ConstPlugin
<s> [webpack.Progress] 9% setup compilation UseStrictPlugin
<s> [webpack.Progress] 9% setup compilation RequireIncludePlugin
<s> [webpack.Progress] 9% setup compilation RequireEnsurePlugin
<s> [webpack.Progress] 9% setup compilation RequireContextPlugin
<s> [webpack.Progress] 9% setup compilation ImportPlugin
<s> [webpack.Progress] 9% setup compilation RequireContextPlugin
<s> [webpack.Progress] 9% setup compilation SystemPlugin
<s> [webpack.Progress] 9% setup compilation ImportMetaPlugin
<s> [webpack.Progress] 9% setup compilation URLPlugin
<s> [webpack.Progress] 9% setup compilation DefaultStatsFactoryPlugin
<s> [webpack.Progress] 9% setup compilation DefaultStatsPresetPlugin
<s> [webpack.Progress] 9% setup compilation DefaultStatsPrinterPlugin
<s> [webpack.Progress] 9% setup compilation JavascriptMetaInfoPlugin
<s> [webpack.Progress] 9% setup compilation EnsureChunkConditionsPlugin
<s> [webpack.Progress] 9% setup compilation RemoveEmptyChunksPlugin
<s> [webpack.Progress] 9% setup compilation MergeDuplicateChunksPlugin
<s> [webpack.Progress] 9% setup compilation FlagIncludedChunksPlugin
<s> [webpack.Progress] 9% setup compilation SideEffectsFlagPlugin
<s> [webpack.Progress] 9% setup compilation FlagDependencyExportsPlugin
<s> [webpack.Progress] 9% setup compilation FlagDependencyUsagePlugin
<s> [webpack.Progress] 9% setup compilation InnerGraphPlugin
<s> [webpack.Progress] 9% setup compilation MangleExportsPlugin
<s> [webpack.Progress] 9% setup compilation ModuleConcatenationPlugin
<s> [webpack.Progress] 9% setup compilation NoEmitOnErrorsPlugin
<s> [webpack.Progress] 9% setup compilation RealContentHashPlugin
<s> [webpack.Progress] 9% setup compilation WasmFinalizeExportsPlugin
<s> [webpack.Progress] 9% setup compilation NamedModuleIdsPlugin
<s> [webpack.Progress] 9% setup compilation DeterministicChunkIdsPlugin
<s> [webpack.Progress] 9% setup compilation DefinePlugin
<s> [webpack.Progress] 9% setup compilation TerserPlugin
<s> [webpack.Progress] 9% setup compilation TemplatedPathPlugin
<s> [webpack.Progress] 9% setup compilation RecordIdsPlugin
<s> [webpack.Progress] 9% setup compilation WarnCaseSensitiveModulesPlugin
<s> [webpack.Progress] 9% setup compilation IgnoreWarningsPlugin
<s> [webpack.Progress] 9% setup compilation
<s> [webpack.Progress] 10% building
<s> [webpack.Progress] 10% building 0/1 entries 0/0 dependencies 0/0 modules
<s> [webpack.Progress] 10% building import loader ./node_modules/@angular-devkit/build-angular/src/babel/webpack-loader.js
<s> [webpack.Progress] 10% building import loader ./node_modules/babel-loader/lib/index.js
<s> [webpack.Progress] 10% building 0/3 entries 1/3 dependencies 0/1 modules
<s> [webpack.Progress] 10% building import loader ./node_modules/mini-css-extract-plugin/dist/loader.js
<s> [webpack.Progress] 10% building import loader ./node_modules/css-loader/dist/cjs.js
<s> [webpack.Progress] 10% building import loader ./node_modules/postcss-loader/dist/cjs.js
<s> [webpack.Progress] 10% building 0/3 entries 2/3 dependencies 0/2 modules
<s> [webpack.Progress] 10% building 0/3 entries 4/5 dependencies 0/4 modules
<s> [webpack.Progress] 20% building 1/3 entries 4/21 dependencies 1/4 modules
<s> [webpack.Progress] 28% building 1/3 entries 8/24 dependencies 4/8 modules
<s> [webpack.Progress] 28% building import loader ./node_modules/@ngtools/webpack/src/ivy/index.js
<s> [webpack.Progress] 28% building 1/3 entries 24/39 dependencies 4/24 modules
<s> [webpack.Progress] 43% building 2/3 entries 31/51 dependencies 9/27 modules
<s> [webpack.Progress] 40% building import loader ./node_modules/@storybook/mdx2-csf/loader.js
<s> [webpack.Progress] 40% building 2/3 entries 39/70 dependencies 10/33 modules
<s> [webpack.Progress] 46% building import loader ./node_modules/unplugin/dist/webpack/loaders/load.js
<s> [webpack.Progress] 46% building 2/3 entries 69/88 dependencies 14/53 modules
<s> [webpack.Progress] 46% building 2/3 entries 147/169 dependencies 29/98 modules
<s> [webpack.Progress] 46% building 2/3 entries 153/173 dependencies 30/100 modules
<s> [webpack.Progress] 46% building 2/3 entries 172/200 dependencies 37/107 modules
<s> [webpack.Progress] 46% building 2/3 entries 198/249 dependencies 49/112 modules
<s> [webpack.Progress] 46% building 2/3 entries 260/300 dependencies 67/125 modules
<s> [webpack.Progress] 46% building 2/3 entries 300/329 dependencies 71/136 modules
<s> [webpack.Progress] 46% building 2/3 entries 360/400 dependencies 84/170 modules
<s> [webpack.Progress] 46% building 2/3 entries 1008/1037 dependencies 100/568 modules
<s> [webpack.Progress] 46% building 2/3 entries 1011/1100 dependencies 100/568 modules
<s> [webpack.Progress] 46% building 2/3 entries 1200/1322 dependencies 111/589 modules
<s> [webpack.Progress] 46% building 2/3 entries 1319/1400 dependencies 112/614 modules
<s> [webpack.Progress] 46% building 2/3 entries 1615/1700 dependencies 122/634 modules
<s> [webpack.Progress] 46% building 2/3 entries 1951/2000 dependencies 144/657 modules
<s> [webpack.Progress] 46% building 2/3 entries 2244/2300 dependencies 176/747 modules
<s> [webpack.Progress] 46% building 2/3 entries 2474/2500 dependencies 393/795 modules
<s> [webpack.Progress] 46% building 2/3 entries 2683/2700 dependencies 478/841 modules
<s> [webpack.Progress] 46% building 2/3 entries 2738/2798 dependencies 600/842 modules
<s> [webpack.Progress] 51% building 2/3 entries 2887/2900 dependencies 754/898 modules
<s> [webpack.Progress] 51% building 2/3 entries 3100/3102 dependencies 797/1055 modules
<s> [webpack.Progress] 56% building 2/3 entries 3119/3139 dependencies 900/1058 modules
<s> [webpack.Progress] 62% building 2/3 entries 3188/3200 dependencies 1032/1089 modules
<s> [webpack.Progress] 63% building 2/3 entries 3347/3347 dependencies 1100/1128 modules
<s> [webpack.Progress] 65% building 3/3 entries 3347/3347 dependencies 1128/1128 modules
<s> [webpack.Progress] 65% building
<s> [webpack.Progress] 69% building finish
<s> [webpack.Progress] 69% building finish
<s> [webpack.Progress] 70% sealing finish module graph
<s> [webpack.Progress] 70% sealing finish module graph angular-compiler
<s> [webpack.Progress] 70% sealing finish module graph ResolverCachePlugin
<s> [webpack.Progress] 70% sealing finish module graph InferAsyncModulesPlugin
<s> [webpack.Progress] 70% sealing finish module graph FlagDependencyExportsPlugin
<s> [webpack.Progress] 70% sealing finish module graph InnerGraphPlugin
<s> [webpack.Progress] 70% sealing finish module graph WasmFinalizeExportsPlugin
<s> [webpack.Progress] 70% sealing finish module graph
<s> [webpack.Progress] 70% sealing plugins
<s> [webpack.Progress] 70% sealing plugins WarnCaseSensitiveModulesPlugin
<s> [webpack.Progress] 70% sealing plugins
<s> [webpack.Progress] 71% sealing dependencies optimization
<s> [webpack.Progress] 71% sealing dependencies optimization SideEffectsFlagPlugin
<s> [webpack.Progress] 71% sealing dependencies optimization FlagDependencyUsagePlugin
<s> [webpack.Progress] 71% sealing dependencies optimization
<s> [webpack.Progress] 71% sealing after dependencies optimization
<s> [webpack.Progress] 71% sealing after dependencies optimization
<s> [webpack.Progress] 72% sealing chunk graph
<s> [webpack.Progress] 72% sealing chunk graph
<s> [webpack.Progress] 73% sealing after chunk graph
<s> [webpack.Progress] 73% sealing after chunk graph
<s> [webpack.Progress] 73% sealing optimizing
<s> [webpack.Progress] 73% sealing optimizing
<s> [webpack.Progress] 74% sealing module optimization
<s> [webpack.Progress] 74% sealing module optimization
<s> [webpack.Progress] 75% sealing after module optimization
<s> [webpack.Progress] 75% sealing after module optimization
<s> [webpack.Progress] 75% sealing chunk optimization
<s> [webpack.Progress] 75% sealing chunk optimization EnsureChunkConditionsPlugin
<s> [webpack.Progress] 75% sealing chunk optimization RemoveEmptyChunksPlugin
<s> [webpack.Progress] 75% sealing chunk optimization MergeDuplicateChunksPlugin
<s> [webpack.Progress] 75% sealing chunk optimization SplitChunksPlugin
<s> [webpack.Progress] 75% sealing chunk optimization RemoveEmptyChunksPlugin
<s> [webpack.Progress] 75% sealing chunk optimization
<s> [webpack.Progress] 76% sealing after chunk optimization
<s> [webpack.Progress] 76% sealing after chunk optimization
<s> [webpack.Progress] 77% sealing module and chunk tree optimization
<s> [webpack.Progress] 77% sealing module and chunk tree optimization PersistentChildCompilerSingletonPlugin
<s> [webpack.Progress] 77% sealing module and chunk tree optimization
<s> [webpack.Progress] 77% sealing after module and chunk tree optimization
<s> [webpack.Progress] 77% sealing after module and chunk tree optimization
<s> [webpack.Progress] 78% sealing chunk modules optimization
<s> [webpack.Progress] 78% sealing chunk modules optimization ModuleConcatenationPlugin
<s> [webpack.Progress] 78% sealing chunk modules optimization
<s> [webpack.Progress] 78% sealing after chunk modules optimization
<s> [webpack.Progress] 78% sealing after chunk modules optimization
<s> [webpack.Progress] 79% sealing module reviving
<s> [webpack.Progress] 79% sealing module reviving RecordIdsPlugin
<s> [webpack.Progress] 79% sealing module reviving
<s> [webpack.Progress] 80% sealing before module ids
<s> [webpack.Progress] 80% sealing before module ids
<s> [webpack.Progress] 80% sealing module ids
<s> [webpack.Progress] 80% sealing module ids NamedModuleIdsPlugin
<s> [webpack.Progress] 80% sealing module ids
<s> [webpack.Progress] 81% sealing module id optimization
<s> [webpack.Progress] 81% sealing module id optimization
<s> [webpack.Progress] 82% sealing module id optimization
<s> [webpack.Progress] 82% sealing module id optimization
<s> [webpack.Progress] 82% sealing chunk reviving
<s> [webpack.Progress] 82% sealing chunk reviving RecordIdsPlugin
<s> [webpack.Progress] 82% sealing chunk reviving
<s> [webpack.Progress] 83% sealing before chunk ids
<s> [webpack.Progress] 83% sealing before chunk ids
<s> [webpack.Progress] 84% sealing chunk ids
<s> [webpack.Progress] 84% sealing chunk ids DeterministicChunkIdsPlugin
<s> [webpack.Progress] 84% sealing chunk ids
<s> [webpack.Progress] 84% sealing chunk id optimization
<s> [webpack.Progress] 84% sealing chunk id optimization FlagIncludedChunksPlugin
<s> [webpack.Progress] 84% sealing chunk id optimization
<s> [webpack.Progress] 85% sealing after chunk id optimization
<s> [webpack.Progress] 85% sealing after chunk id optimization
<s> [webpack.Progress] 86% sealing record modules
<s> [webpack.Progress] 86% sealing record modules RecordIdsPlugin
<s> [webpack.Progress] 86% sealing record modules
<s> [webpack.Progress] 86% sealing record chunks
<s> [webpack.Progress] 86% sealing record chunks RecordIdsPlugin
<s> [webpack.Progress] 86% sealing record chunks
<s> [webpack.Progress] 87% sealing module hashing
<s> [webpack.Progress] 87% sealing module hashing
<s> [webpack.Progress] 87% sealing code generation
<s> [webpack.Progress] 87% sealing code generation
<s> [webpack.Progress] 88% sealing runtime requirements
<s> [webpack.Progress] 88% sealing runtime requirements
<s> [webpack.Progress] 89% sealing hashing
<s> [webpack.Progress] 89% sealing hashing
<s> [webpack.Progress] 89% sealing after hashing
<s> [webpack.Progress] 89% sealing after hashing
<s> [webpack.Progress] 90% sealing record hash
<s> [webpack.Progress] 90% sealing record hash
<s> [webpack.Progress] 91% sealing module assets processing
<s> [webpack.Progress] 91% sealing module assets processing
<s> [webpack.Progress] 91% sealing chunk assets processing
<s> [webpack.Progress] 91% sealing chunk assets processing
<s> [webpack.Progress] 92% sealing asset processing
<s> [webpack.Progress] 92% sealing asset processing PersistentChildCompilerSingletonPlugin
<s> [webpack.Progress] 92% sealing asset processing TerserPlugin
<s> [webpack.Progress] 92% sealing asset processing SourceMapDevToolPlugin
<s> [webpack.Progress] 92% sealing asset processing SourceMapDevToolPlugin
<s> [webpack.Progress] 92% sealing asset processing SourceMapDevToolPlugin main.9db77f8b612051c2dfed.css generate SourceMap
<s> [webpack.Progress] 92% sealing asset processing SourceMapDevToolPlugin main.9db77f8b612051c2dfed.css generated SourceMap
<s> [webpack.Progress] 92% sealing asset processing SourceMapDevToolPlugin main.3b0f2de1.iframe.bundle.js generate SourceMap
<s> [webpack.Progress] 92% sealing asset processing SourceMapDevToolPlugin main.3b0f2de1.iframe.bundle.js generated SourceMap
<s> [webpack.Progress] 92% sealing asset processing SourceMapDevToolPlugin runtime~main.4f1e1e6e.iframe.bundle.js generate SourceMap
<s> [webpack.Progress] 92% sealing asset processing SourceMapDevToolPlugin runtime~main.4f1e1e6e.iframe.bundle.js generated SourceMap
<s> [webpack.Progress] 92% sealing asset processing SourceMapDevToolPlugin stories-Introduction-mdx.e7f47d23.iframe.bundle.js generate SourceMap
<s> [webpack.Progress] 92% sealing asset processing SourceMapDevToolPlugin stories-Introduction-mdx.e7f47d23.iframe.bundle.js generated SourceMap
<s> [webpack.Progress] 92% sealing asset processing SourceMapDevToolPlugin app-components-pure-inbox-screen-pure-inbox-screen-stories.dfef1d9e.iframe.bundle.js generate SourceMap
<s> [webpack.Progress] 92% sealing asset processing SourceMapDevToolPlugin app-components-pure-inbox-screen-pure-inbox-screen-stories.dfef1d9e.iframe.bundle.js generated SourceMap
<s> [webpack.Progress] 92% sealing asset processing SourceMapDevToolPlugin app-components-pure-task-list-pure-task-list-stories.98def120.iframe.bundle.js generate SourceMap
<s> [webpack.Progress] 92% sealing asset processing SourceMapDevToolPlugin app-components-pure-task-list-pure-task-list-stories.98def120.iframe.bundle.js generated SourceMap
<s> [webpack.Progress] 92% sealing asset processing SourceMapDevToolPlugin app-components-task-Task-stories.fd7fa81f.iframe.bundle.js generate SourceMap
<s> [webpack.Progress] 92% sealing asset processing SourceMapDevToolPlugin app-components-task-Task-stories.fd7fa81f.iframe.bundle.js generated SourceMap
<s> [webpack.Progress] 92% sealing asset processing SourceMapDevToolPlugin stories-Button-stories.37953382.iframe.bundle.js generate SourceMap
<s> [webpack.Progress] 92% sealing asset processing SourceMapDevToolPlugin stories-Button-stories.37953382.iframe.bundle.js generated SourceMap
<s> [webpack.Progress] 92% sealing asset processing SourceMapDevToolPlugin stories-Header-stories.1e3c3089.iframe.bundle.js generate SourceMap
<s> [webpack.Progress] 92% sealing asset processing SourceMapDevToolPlugin stories-Header-stories.1e3c3089.iframe.bundle.js generated SourceMap
<s> [webpack.Progress] 92% sealing asset processing SourceMapDevToolPlugin stories-Page-stories.3cbf65f6.iframe.bundle.js generate SourceMap
<s> [webpack.Progress] 92% sealing asset processing SourceMapDevToolPlugin stories-Page-stories.3cbf65f6.iframe.bundle.js generated SourceMap
<s> [webpack.Progress] 92% sealing asset processing SourceMapDevToolPlugin 530.a62fff46.iframe.bundle.js generate SourceMap
<s> [webpack.Progress] 92% sealing asset processing SourceMapDevToolPlugin 530.a62fff46.iframe.bundle.js generated SourceMap
<s> [webpack.Progress] 92% sealing asset processing SourceMapDevToolPlugin 69.26d32ac0.iframe.bundle.js generate SourceMap
<s> [webpack.Progress] 92% sealing asset processing SourceMapDevToolPlugin 69.26d32ac0.iframe.bundle.js generated SourceMap
<s> [webpack.Progress] 92% sealing asset processing SourceMapDevToolPlugin 882.b4847cdd.iframe.bundle.js generate SourceMap
<s> [webpack.Progress] 92% sealing asset processing SourceMapDevToolPlugin 882.b4847cdd.iframe.bundle.js generated SourceMap
<s> [webpack.Progress] 92% sealing asset processing SourceMapDevToolPlugin 384.be337fd4.iframe.bundle.js generate SourceMap
<s> [webpack.Progress] 92% sealing asset processing SourceMapDevToolPlugin 384.be337fd4.iframe.bundle.js generated SourceMap
<s> [webpack.Progress] 92% sealing asset processing SourceMapDevToolPlugin 123.b04f1eeb.iframe.bundle.js generate SourceMap
<s> [webpack.Progress] 92% sealing asset processing SourceMapDevToolPlugin 123.b04f1eeb.iframe.bundle.js generated SourceMap
<s> [webpack.Progress] 92% sealing asset processing SourceMapDevToolPlugin 909.4889f63d.iframe.bundle.js generate SourceMap
<s> [webpack.Progress] 92% sealing asset processing SourceMapDevToolPlugin 909.4889f63d.iframe.bundle.js generated SourceMap
<s> [webpack.Progress] 92% sealing asset processing SourceMapDevToolPlugin 583.e01cc0ee.iframe.bundle.js generate SourceMap
<s> [webpack.Progress] 92% sealing asset processing SourceMapDevToolPlugin 583.e01cc0ee.iframe.bundle.js generated SourceMap
<s> [webpack.Progress] 92% sealing asset processing SourceMapDevToolPlugin 921.7489a9a2.iframe.bundle.js generate SourceMap
<s> [webpack.Progress] 92% sealing asset processing SourceMapDevToolPlugin 921.7489a9a2.iframe.bundle.js generated SourceMap
<s> [webpack.Progress] 92% sealing asset processing SourceMapDevToolPlugin 568.9348bceb.iframe.bundle.js generate SourceMap
<s> [webpack.Progress] 92% sealing asset processing SourceMapDevToolPlugin 568.9348bceb.iframe.bundle.js generated SourceMap
<s> [webpack.Progress] 92% sealing asset processing SourceMapDevToolPlugin 641.b291a144.iframe.bundle.js generate SourceMap
<s> [webpack.Progress] 92% sealing asset processing SourceMapDevToolPlugin 641.b291a144.iframe.bundle.js generated SourceMap
<s> [webpack.Progress] 92% sealing asset processing SourceMapDevToolPlugin 296.efa8ad08.iframe.bundle.js generate SourceMap
<s> [webpack.Progress] 92% sealing asset processing SourceMapDevToolPlugin 296.efa8ad08.iframe.bundle.js generated SourceMap
<s> [webpack.Progress] 92% sealing asset processing SourceMapDevToolPlugin 643.d161665b.iframe.bundle.js generate SourceMap
<s> [webpack.Progress] 92% sealing asset processing SourceMapDevToolPlugin 643.d161665b.iframe.bundle.js generated SourceMap
<s> [webpack.Progress] 92% sealing asset processing SourceMapDevToolPlugin 326.466c5023.iframe.bundle.js generate SourceMap
<s> [webpack.Progress] 92% sealing asset processing SourceMapDevToolPlugin 326.466c5023.iframe.bundle.js generated SourceMap
<s> [webpack.Progress] 92% sealing asset processing SourceMapDevToolPlugin resolve sources
<s> [webpack.Progress] 92% sealing asset processing SourceMapDevToolPlugin 123.b04f1eeb.iframe.bundle.js attach SourceMap
<s> [webpack.Progress] 92% sealing asset processing SourceMapDevToolPlugin 123.b04f1eeb.iframe.bundle.js attached SourceMap
<s> [webpack.Progress] 92% sealing asset processing SourceMapDevToolPlugin 641.b291a144.iframe.bundle.js attach SourceMap
<s> [webpack.Progress] 92% sealing asset processing SourceMapDevToolPlugin 641.b291a144.iframe.bundle.js attached SourceMap
<s> [webpack.Progress] 92% sealing asset processing SourceMapDevToolPlugin 643.d161665b.iframe.bundle.js attach SourceMap
<s> [webpack.Progress] 92% sealing asset processing SourceMapDevToolPlugin 643.d161665b.iframe.bundle.js attached SourceMap
<s> [webpack.Progress] 92% sealing asset processing SourceMapDevToolPlugin
<s> [webpack.Progress] 92% sealing asset processing SourceMapDevToolPlugin
<s> [webpack.Progress] 92% sealing asset processing SourceMapDevToolPlugin resolve sources
<s> [webpack.Progress] 92% sealing asset processing SourceMapDevToolPlugin
<s> [webpack.Progress] 92% sealing asset processing HtmlWebpackPlugin
<s> [webpack.Progress] 92% sealing asset processing HtmlWebpackPlugin
<s> [webpack.Progress] 92% sealing asset processing HtmlWebpackPlugin resolve sources
<s> [webpack.Progress] 92% sealing asset processing HtmlWebpackPlugin
<s> [webpack.Progress] 92% sealing asset processing RealContentHashPlugin
<s> [webpack.Progress] 92% sealing asset processing RealContentHashPlugin
<s> [webpack.Progress] 92% sealing asset processing RealContentHashPlugin main.a737c1b5434ba46bfd94.css generate SourceMap
<s> [webpack.Progress] 92% sealing asset processing RealContentHashPlugin main.a737c1b5434ba46bfd94.css generated SourceMap
<s> [webpack.Progress] 92% sealing asset processing RealContentHashPlugin main.c38d71b2.iframe.bundle.js generate SourceMap
<s> [webpack.Progress] 92% sealing asset processing RealContentHashPlugin main.c38d71b2.iframe.bundle.js generated SourceMap
<s> [webpack.Progress] 92% sealing asset processing RealContentHashPlugin runtime~main.10245f6c.iframe.bundle.js generate SourceMap
<s> [webpack.Progress] 92% sealing asset processing RealContentHashPlugin runtime~main.10245f6c.iframe.bundle.js generated SourceMap
<s> [webpack.Progress] 92% sealing asset processing RealContentHashPlugin app-components-pure-inbox-screen-pure-inbox-screen-stories.7c772d6a.iframe.bundle.js generate SourceMap
<s> [webpack.Progress] 92% sealing asset processing RealContentHashPlugin app-components-pure-inbox-screen-pure-inbox-screen-stories.7c772d6a.iframe.bundle.js generated SourceMap
<s> [webpack.Progress] 92% sealing asset processing RealContentHashPlugin app-components-pure-task-list-pure-task-list-stories.8591b5f7.iframe.bundle.js generate SourceMap
<s> [webpack.Progress] 92% sealing asset processing RealContentHashPlugin app-components-pure-task-list-pure-task-list-stories.8591b5f7.iframe.bundle.js generated SourceMap
<s> [webpack.Progress] 92% sealing asset processing RealContentHashPlugin app-components-task-Task-stories.bf1314a4.iframe.bundle.js generate SourceMap
<s> [webpack.Progress] 92% sealing asset processing RealContentHashPlugin app-components-task-Task-stories.bf1314a4.iframe.bundle.js generated SourceMap
<s> [webpack.Progress] 92% sealing asset processing RealContentHashPlugin stories-Button-stories.f3914119.iframe.bundle.js generate SourceMap
<s> [webpack.Progress] 92% sealing asset processing RealContentHashPlugin stories-Button-stories.f3914119.iframe.bundle.js generated SourceMap
<s> [webpack.Progress] 92% sealing asset processing RealContentHashPlugin stories-Header-stories.627908a2.iframe.bundle.js generate SourceMap
<s> [webpack.Progress] 92% sealing asset processing RealContentHashPlugin stories-Header-stories.627908a2.iframe.bundle.js generated SourceMap
<s> [webpack.Progress] 92% sealing asset processing RealContentHashPlugin stories-Page-stories.ec258e1c.iframe.bundle.js generate SourceMap
<s> [webpack.Progress] 92% sealing asset processing RealContentHashPlugin stories-Page-stories.ec258e1c.iframe.bundle.js generated SourceMap
<s> [webpack.Progress] 92% sealing asset processing RealContentHashPlugin 530.76a9ab33.iframe.bundle.js generate SourceMap
<s> [webpack.Progress] 92% sealing asset processing RealContentHashPlugin 530.76a9ab33.iframe.bundle.js generated SourceMap
<s> [webpack.Progress] 92% sealing asset processing RealContentHashPlugin 882.5127467f.iframe.bundle.js generate SourceMap
<s> [webpack.Progress] 92% sealing asset processing RealContentHashPlugin 882.5127467f.iframe.bundle.js generated SourceMap
<s> [webpack.Progress] 92% sealing asset processing RealContentHashPlugin 384.72ef5dd8.iframe.bundle.js generate SourceMap
<s> [webpack.Progress] 92% sealing asset processing RealContentHashPlugin 384.72ef5dd8.iframe.bundle.js generated SourceMap
<s> [webpack.Progress] 92% sealing asset processing RealContentHashPlugin 909.9a0f7211.iframe.bundle.js generate SourceMap
<s> [webpack.Progress] 92% sealing asset processing RealContentHashPlugin 909.9a0f7211.iframe.bundle.js generated SourceMap
<s> [webpack.Progress] 92% sealing asset processing RealContentHashPlugin 583.5a423bad.iframe.bundle.js generate SourceMap
<s> [webpack.Progress] 92% sealing asset processing RealContentHashPlugin 583.5a423bad.iframe.bundle.js generated SourceMap
<s> [webpack.Progress] 92% sealing asset processing RealContentHashPlugin 921.bd14a63d.iframe.bundle.js generate SourceMap
<s> [webpack.Progress] 92% sealing asset processing RealContentHashPlugin 921.bd14a63d.iframe.bundle.js generated SourceMap
<s> [webpack.Progress] 92% sealing asset processing RealContentHashPlugin 568.2ab907d1.iframe.bundle.js generate SourceMap
<s> [webpack.Progress] 92% sealing asset processing RealContentHashPlugin 568.2ab907d1.iframe.bundle.js generated SourceMap
<s> [webpack.Progress] 92% sealing asset processing RealContentHashPlugin 326.10ffe3b5.iframe.bundle.js generate SourceMap
<s> [webpack.Progress] 92% sealing asset processing RealContentHashPlugin 326.10ffe3b5.iframe.bundle.js generated SourceMap
<s> [webpack.Progress] 92% sealing asset processing RealContentHashPlugin stories-Introduction-mdx.25787ae9.iframe.bundle.js generate SourceMap
<s> [webpack.Progress] 92% sealing asset processing RealContentHashPlugin stories-Introduction-mdx.25787ae9.iframe.bundle.js generated SourceMap
<s> [webpack.Progress] 92% sealing asset processing RealContentHashPlugin 69.70508fb3.iframe.bundle.js generate SourceMap
<s> [webpack.Progress] 92% sealing asset processing RealContentHashPlugin 69.70508fb3.iframe.bundle.js generated SourceMap
<s> [webpack.Progress] 92% sealing asset processing RealContentHashPlugin 296.d9e11a7a.iframe.bundle.js generate SourceMap
<s> [webpack.Progress] 92% sealing asset processing RealContentHashPlugin 296.d9e11a7a.iframe.bundle.js generated SourceMap
<s> [webpack.Progress] 92% sealing asset processing RealContentHashPlugin resolve sources
<s> [webpack.Progress] 92% sealing asset processing RealContentHashPlugin
<s> [webpack.Progress] 92% sealing asset processing angular-occurrences-plugin
<s> [webpack.Progress] 92% sealing asset processing AnyComponentStyleBudgetChecker
<s> [webpack.Progress] 92% sealing asset processing
<s> [webpack.Progress] 93% sealing after asset optimization
<s> [webpack.Progress] 93% sealing after asset optimization
<s> [webpack.Progress] 93% sealing recording
<s> [webpack.Progress] 93% sealing recording
<s> [webpack.Progress] 94% sealing after seal
<s> [webpack.Progress] 94% sealing after seal
<s> [webpack.Progress] 95% emitting emit
<s> [webpack.Progress] 95% emitting emit
<s> [webpack.Progress] 98% emitting after emit
<s> [webpack.Progress] 98% emitting after emit SizeLimitsPlugin
<s> [webpack.Progress] 98% emitting after emit
<s> [webpack.Progress] 99% done plugins
<s> [webpack.Progress] 99% done plugins CaseSensitivePathsPlugin
<s> [webpack.Progress] 99% done plugins
<s> [webpack.Progress] 99% 

<s> [webpack.Progress] 99% cache store build dependencies
<s> [webpack.Progress] 99% cache store build dependencies
<s> [webpack.Progress] 99% cache begin idle
<s> [webpack.Progress] 99% cache begin idle
<s> [webpack.Progress] 100% 

info => Preview built (1.27 min)
WARN Critical dependency: require function is used in a way in which dependencies cannot be statically extracted
WARN Critical dependency: require function is used in a way in which dependencies cannot be statically extracted
WARN /home/junior/projects/taskbox/src/app/app.component.ts is part of the TypeScript compilation but it's unused.
WARN Add only entry points to the 'files' or 'include' properties in your tsconfig.
WARN /home/junior/projects/taskbox/src/app/app.module.ts is part of the TypeScript compilation but it's unused.
WARN Add only entry points to the 'files' or 'include' properties in your tsconfig.
WARN /home/junior/projects/taskbox/src/app/components/inbox-screen/inbox-screen.component.ts is part of the TypeScript compilation but it's unused.
WARN Add only entry points to the 'files' or 'include' properties in your tsconfig.
WARN /home/junior/projects/taskbox/src/environments/environment.prod.ts is part of the TypeScript compilation but it's unused.
WARN Add only entry points to the 'files' or 'include' properties in your tsconfig.
WARN /home/junior/projects/taskbox/src/environments/environment.ts is part of the TypeScript compilation but it's unused.
WARN Add only entry points to the 'files' or 'include' properties in your tsconfig.
WARN /home/junior/projects/taskbox/src/main.ts is part of the TypeScript compilation but it's unused.
WARN Add only entry points to the 'files' or 'include' properties in your tsconfig.
WARN /home/junior/projects/taskbox/src/polyfills.ts is part of the TypeScript compilation but it's unused.
WARN Add only entry points to the 'files' or 'include' properties in your tsconfig.
WARN asset size limit: The following asset(s) exceed the recommended size limit (244 KiB).
WARN This can impact web performance.
WARN Assets: 
WARN   69.70508fb3.iframe.bundle.js (737 KiB)
WARN   123.6f93697b.iframe.bundle.js (583 KiB)
WARN   641.7dcbccb4.iframe.bundle.js (760 KiB)
WARN   296.d9e11a7a.iframe.bundle.js (402 KiB)
WARN   643.544c5a85.iframe.bundle.js (2.03 MiB)
WARN entrypoint size limit: The following entrypoint(s) combined asset size exceeds the recommended limit (244 KiB). This can impact web performance.
WARN Entrypoints:
WARN   main (2.15 MiB)
WARN       runtime~main.10245f6c.iframe.bundle.js
WARN       643.544c5a85.iframe.bundle.js
WARN       main.a737c1b5434ba46bfd94.css
WARN       main.c38d71b2.iframe.bundle.js
WARN 
<s> [webpack.Progress] 99% cache shutdown
<s> [webpack.Progress] 99% cache shutdown
<s> [webpack.Progress] 100% 

info => Output directory: /tmp/chromatic--73116-lWwCouVzNoaP
